[Fri Nov 21 12:22:32 2025] PHP 8.4.14 Development Server (http://localhost:8000) started
[Fri Nov 21 12:22:38 2025] [::1]:63161 Accepted
[Fri Nov 21 12:22:38 2025] [::1]:63161 [200]: GET /dashboard.html
[Fri Nov 21 12:22:38 2025] [::1]:63161 Closing
[Fri Nov 21 12:22:46 2025] [::1]:63214 Accepted
[Fri Nov 21 12:22:46 2025] [::1]:63215 Accepted
[Fri Nov 21 12:22:46 2025] [::1]:63214 [200]: GET /dashboard.html
[Fri Nov 21 12:22:46 2025] [::1]:63214 Closing
[Fri Nov 21 12:22:46 2025] [::1]:63215 [200]: GET /dashboard.css
[Fri Nov 21 12:22:46 2025] [::1]:63215 Closing
[Fri Nov 21 12:22:46 2025] [::1]:63216 Accepted
[Fri Nov 21 12:22:46 2025] [::1]:63216 [200]: GET /dashboard.js
[Fri Nov 21 12:22:46 2025] [::1]:63216 Closing
[Fri Nov 21 12:22:46 2025] [::1]:63217 Accepted
[Fri Nov 21 12:22:46 2025] [::1]:63217 [200]: GET /get_user_info.php
[Fri Nov 21 12:22:46 2025] [::1]:63217 Closing
[Fri Nov 21 12:22:47 2025] [::1]:63218 Accepted
[Fri Nov 21 12:22:47 2025] [::1]:63219 Accepted
[Fri Nov 21 12:22:47 2025] [::1]:63220 Accepted
[Fri Nov 21 12:22:47 2025] [::1]:63218 [200]: GET /get_accounts.php
[Fri Nov 21 12:22:47 2025] [::1]:63218 Closing
[Fri Nov 21 12:22:47 2025] [::1]:63221 Accepted
[Fri Nov 21 12:22:47 2025] [::1]:63219 [200]: GET /get_transactions.php
[Fri Nov 21 12:22:47 2025] [::1]:63219 Closing
[Fri Nov 21 12:22:47 2025] [::1]:63220 [200]: GET /get_plans.php
[Fri Nov 21 12:22:47 2025] [::1]:63220 Closing
[Fri Nov 21 12:22:47 2025] [::1]:63221 [200]: GET /get_resellers.php
[Fri Nov 21 12:22:47 2025] [::1]:63221 Closing
[Fri Nov 21 12:22:47 2025] [::1]:63222 Accepted
[Fri Nov 21 12:22:47 2025] [::1]:63222 [200]: GET /dashboard.html
[Fri Nov 21 12:22:47 2025] [::1]:63222 Closing
[Fri Nov 21 12:22:47 2025] [::1]:63223 Accepted
[Fri Nov 21 12:22:47 2025] [::1]:63224 Accepted
[Fri Nov 21 12:22:47 2025] [::1]:63223 [200]: GET /dashboard.css
[Fri Nov 21 12:22:47 2025] [::1]:63224 [200]: GET /dashboard.js
[Fri Nov 21 12:22:47 2025] [::1]:63223 Closing
[Fri Nov 21 12:22:47 2025] [::1]:63224 Closing
[Fri Nov 21 12:22:47 2025] [::1]:63225 Accepted
[Fri Nov 21 12:22:47 2025] [::1]:63225 [200]: GET /get_user_info.php
[Fri Nov 21 12:22:47 2025] [::1]:63225 Closing
[Fri Nov 21 12:22:47 2025] [::1]:63226 Accepted
[Fri Nov 21 12:22:47 2025] [::1]:63227 Accepted
[Fri Nov 21 12:22:47 2025] [::1]:63228 Accepted
[Fri Nov 21 12:22:48 2025] [::1]:63226 [200]: GET /get_accounts.php
[Fri Nov 21 12:22:48 2025] [::1]:63226 Closing
[Fri Nov 21 12:22:48 2025] [::1]:63229 Accepted
[Fri Nov 21 12:22:48 2025] [::1]:63227 [200]: GET /get_transactions.php
[Fri Nov 21 12:22:48 2025] [::1]:63227 Closing
[Fri Nov 21 12:22:48 2025] [::1]:63228 [200]: GET /get_plans.php
[Fri Nov 21 12:22:48 2025] [::1]:63228 Closing
[Fri Nov 21 12:22:48 2025] [::1]:63229 [200]: GET /get_resellers.php
[Fri Nov 21 12:22:48 2025] [::1]:63229 Closing
[Fri Nov 21 12:22:48 2025] [::1]:63232 Accepted
[Fri Nov 21 12:22:48 2025] [::1]:63232 [200]: GET /dashboard.html
[Fri Nov 21 12:22:48 2025] [::1]:63233 Accepted
[Fri Nov 21 12:22:48 2025] [::1]:63232 Closing
[Fri Nov 21 12:22:48 2025] [::1]:63233 [200]: GET /dashboard.css
[Fri Nov 21 12:22:48 2025] [::1]:63233 Closing
[Fri Nov 21 12:22:48 2025] [::1]:63234 Accepted
[Fri Nov 21 12:22:48 2025] [::1]:63234 [200]: GET /dashboard.js
[Fri Nov 21 12:22:48 2025] [::1]:63234 Closing
[Fri Nov 21 12:22:48 2025] [::1]:63235 Accepted
[Fri Nov 21 12:22:48 2025] [::1]:63235 [200]: GET /get_user_info.php
[Fri Nov 21 12:22:48 2025] [::1]:63235 Closing
[Fri Nov 21 12:22:48 2025] [::1]:63237 Accepted
[Fri Nov 21 12:22:48 2025] [::1]:63238 Accepted
[Fri Nov 21 12:22:48 2025] [::1]:63239 Accepted
[Fri Nov 21 12:22:48 2025] [::1]:63237 [200]: GET /get_accounts.php
[Fri Nov 21 12:22:48 2025] [::1]:63237 Closing
[Fri Nov 21 12:22:48 2025] [::1]:63240 Accepted
[Fri Nov 21 12:22:48 2025] [::1]:63238 [200]: GET /get_transactions.php
[Fri Nov 21 12:22:48 2025] [::1]:63238 Closing
[Fri Nov 21 12:22:48 2025] [::1]:63239 [200]: GET /get_plans.php
[Fri Nov 21 12:22:48 2025] [::1]:63239 Closing
[Fri Nov 21 12:22:48 2025] [::1]:63240 [200]: GET /get_resellers.php
[Fri Nov 21 12:22:48 2025] [::1]:63240 Closing
[Fri Nov 21 12:48:14 2025] [::1]:63942 Accepted
[Fri Nov 21 12:48:14 2025] [::1]:63943 Accepted
[Fri Nov 21 12:48:14 2025] [::1]:63942 [200]: GET /dashboard.html
[Fri Nov 21 12:48:14 2025] [::1]:63942 Closing
[Fri Nov 21 12:48:14 2025] [::1]:63943 [200]: GET /dashboard.css
[Fri Nov 21 12:48:14 2025] [::1]:63943 Closing
[Fri Nov 21 12:48:14 2025] [::1]:63944 Accepted
[Fri Nov 21 12:48:14 2025] [::1]:63944 [200]: GET /dashboard.js
[Fri Nov 21 12:48:14 2025] [::1]:63944 Closing
[Fri Nov 21 12:48:14 2025] [::1]:63945 Accepted
[Fri Nov 21 12:48:14 2025] [::1]:63945 [200]: GET /get_user_info.php
[Fri Nov 21 12:48:14 2025] [::1]:63945 Closing
[Fri Nov 21 12:48:14 2025] [::1]:63946 Accepted
[Fri Nov 21 12:48:14 2025] [::1]:63947 Accepted
[Fri Nov 21 12:48:14 2025] [::1]:63948 Accepted
[Fri Nov 21 12:48:14 2025] [::1]:63946 [200]: GET /get_accounts.php
[Fri Nov 21 12:48:14 2025] [::1]:63946 Closing
[Fri Nov 21 12:48:14 2025] [::1]:63949 Accepted
[Fri Nov 21 12:48:14 2025] [::1]:63947 [200]: GET /get_transactions.php
[Fri Nov 21 12:48:14 2025] [::1]:63947 Closing
[Fri Nov 21 12:48:14 2025] [::1]:63948 [200]: GET /get_plans.php
[Fri Nov 21 12:48:14 2025] [::1]:63948 Closing
[Fri Nov 21 12:48:14 2025] [::1]:63949 [200]: GET /get_resellers.php
[Fri Nov 21 12:48:14 2025] [::1]:63949 Closing
[Fri Nov 21 12:49:22 2025] [::1]:64006 Accepted
[Fri Nov 21 12:49:22 2025] [::1]:64006 [200]: GET /dashboard.html
[Fri Nov 21 12:49:22 2025] [::1]:64006 Closing
[Fri Nov 21 12:49:22 2025] [::1]:64007 Accepted
[Fri Nov 21 12:49:22 2025] [::1]:64008 Accepted
[Fri Nov 21 12:49:22 2025] [::1]:64007 [200]: GET /dashboard.css
[Fri Nov 21 12:49:22 2025] [::1]:64007 Closing
[Fri Nov 21 12:49:22 2025] [::1]:64008 [200]: GET /dashboard.js
[Fri Nov 21 12:49:22 2025] [::1]:64008 Closing
[Fri Nov 21 12:49:22 2025] [::1]:64009 Accepted
[Fri Nov 21 12:49:22 2025] [::1]:64009 [200]: GET /get_user_info.php
[Fri Nov 21 12:49:22 2025] [::1]:64009 Closing
[Fri Nov 21 12:49:22 2025] [::1]:64010 Accepted
[Fri Nov 21 12:49:22 2025] [::1]:64011 Accepted
[Fri Nov 21 12:49:22 2025] [::1]:64012 Accepted
[Fri Nov 21 12:49:22 2025] [::1]:64010 [200]: GET /get_accounts.php
[Fri Nov 21 12:49:22 2025] [::1]:64010 Closing
[Fri Nov 21 12:49:22 2025] [::1]:64013 Accepted
[Fri Nov 21 12:49:22 2025] [::1]:64011 [200]: GET /get_transactions.php
[Fri Nov 21 12:49:22 2025] [::1]:64011 Closing
[Fri Nov 21 12:49:22 2025] [::1]:64012 [200]: GET /get_plans.php
[Fri Nov 21 12:49:22 2025] [::1]:64012 Closing
[Fri Nov 21 12:49:22 2025] [::1]:64013 [200]: GET /get_resellers.php
[Fri Nov 21 12:49:22 2025] [::1]:64013 Closing
[Fri Nov 21 12:50:56 2025] [::1]:64085 Accepted
[Fri Nov 21 12:50:56 2025] [::1]:64085 [200]: GET /dashboard.html
[Fri Nov 21 12:50:56 2025] [::1]:64086 Accepted
[Fri Nov 21 12:50:56 2025] [::1]:64085 Closing
[Fri Nov 21 12:50:56 2025] [::1]:64086 [200]: GET /dashboard.css
[Fri Nov 21 12:50:56 2025] [::1]:64087 Accepted
[Fri Nov 21 12:50:56 2025] [::1]:64086 Closing
[Fri Nov 21 12:50:56 2025] [::1]:64087 [200]: GET /dashboard.js
[Fri Nov 21 12:50:56 2025] [::1]:64087 Closing
[Fri Nov 21 12:50:56 2025] [::1]:64088 Accepted
[Fri Nov 21 12:50:56 2025] [::1]:64088 [200]: GET /get_user_info.php
[Fri Nov 21 12:50:56 2025] [::1]:64088 Closing
[Fri Nov 21 12:50:56 2025] [::1]:64090 Accepted
[Fri Nov 21 12:50:56 2025] [::1]:64091 Accepted
[Fri Nov 21 12:50:56 2025] [::1]:64092 Accepted
[Fri Nov 21 12:50:56 2025] [::1]:64090 [200]: GET /get_accounts.php
[Fri Nov 21 12:50:56 2025] [::1]:64090 Closing
[Fri Nov 21 12:50:56 2025] [::1]:64093 Accepted
[Fri Nov 21 12:50:56 2025] [::1]:64091 [200]: GET /get_transactions.php
[Fri Nov 21 12:50:56 2025] [::1]:64091 Closing
[Fri Nov 21 12:50:56 2025] [::1]:64092 [200]: GET /get_plans.php
[Fri Nov 21 12:50:56 2025] [::1]:64092 Closing
[Fri Nov 21 12:50:56 2025] [::1]:64093 [200]: GET /get_resellers.php
[Fri Nov 21 12:50:56 2025] [::1]:64093 Closing
[Fri Nov 21 12:50:56 2025] [::1]:64097 Accepted
[Fri Nov 21 12:50:56 2025] [::1]:64097 [200]: GET /dashboard.html
[Fri Nov 21 12:50:56 2025] [::1]:64097 Closing
[Fri Nov 21 12:50:56 2025] [::1]:64098 Accepted
[Fri Nov 21 12:50:56 2025] [::1]:64099 Accepted
[Fri Nov 21 12:50:56 2025] [::1]:64098 [200]: GET /dashboard.css
[Fri Nov 21 12:50:56 2025] [::1]:64098 Closing
[Fri Nov 21 12:50:56 2025] [::1]:64099 [200]: GET /dashboard.js
[Fri Nov 21 12:50:56 2025] [::1]:64099 Closing
[Fri Nov 21 12:50:56 2025] [::1]:64100 Accepted
[Fri Nov 21 12:50:56 2025] [::1]:64100 [200]: GET /get_user_info.php
[Fri Nov 21 12:50:56 2025] [::1]:64100 Closing
[Fri Nov 21 12:50:56 2025] [::1]:64102 Accepted
[Fri Nov 21 12:50:56 2025] [::1]:64103 Accepted
[Fri Nov 21 12:50:56 2025] [::1]:64102 [200]: GET /get_accounts.php
[Fri Nov 21 12:50:56 2025] [::1]:64102 Closing
[Fri Nov 21 12:50:56 2025] [::1]:64104 Accepted
[Fri Nov 21 12:50:56 2025] [::1]:64103 [200]: GET /get_transactions.php
[Fri Nov 21 12:50:56 2025] [::1]:64103 Closing
[Fri Nov 21 12:50:56 2025] [::1]:64105 Accepted
[Fri Nov 21 12:50:56 2025] [::1]:64104 [200]: GET /get_plans.php
[Fri Nov 21 12:50:56 2025] [::1]:64104 Closing
[Fri Nov 21 12:50:56 2025] [::1]:64105 [200]: GET /get_resellers.php
[Fri Nov 21 12:50:56 2025] [::1]:64105 Closing
[Fri Nov 21 12:50:57 2025] [::1]:64106 Accepted
[Fri Nov 21 12:50:57 2025] [::1]:64107 Accepted
[Fri Nov 21 12:50:57 2025] [::1]:64106 [200]: GET /dashboard.html
[Fri Nov 21 12:50:57 2025] [::1]:64106 Closing
[Fri Nov 21 12:50:57 2025] [::1]:64107 [200]: GET /dashboard.css
[Fri Nov 21 12:50:57 2025] [::1]:64108 Accepted
[Fri Nov 21 12:50:57 2025] [::1]:64107 Closing
[Fri Nov 21 12:50:57 2025] [::1]:64108 [200]: GET /dashboard.js
[Fri Nov 21 12:50:57 2025] [::1]:64108 Closing
[Fri Nov 21 12:50:57 2025] [::1]:64109 Accepted
[Fri Nov 21 12:50:57 2025] [::1]:64109 [200]: GET /get_user_info.php
[Fri Nov 21 12:50:57 2025] [::1]:64109 Closing
[Fri Nov 21 12:50:57 2025] [::1]:64110 Accepted
[Fri Nov 21 12:50:57 2025] [::1]:64110 [200]: GET /get_accounts.php
[Fri Nov 21 12:50:57 2025] [::1]:64110 Closing
[Fri Nov 21 12:50:57 2025] [::1]:64111 Accepted
[Fri Nov 21 12:50:57 2025] [::1]:64112 Accepted
[Fri Nov 21 12:50:57 2025] [::1]:64111 [200]: GET /get_transactions.php
[Fri Nov 21 12:50:57 2025] [::1]:64111 Closing
[Fri Nov 21 12:50:57 2025] [::1]:64113 Accepted
[Fri Nov 21 12:50:57 2025] [::1]:64112 [200]: GET /get_plans.php
[Fri Nov 21 12:50:57 2025] [::1]:64112 Closing
[Fri Nov 21 12:50:57 2025] [::1]:64113 [200]: GET /get_resellers.php
[Fri Nov 21 12:50:57 2025] [::1]:64113 Closing
[Fri Nov 21 12:50:57 2025] [::1]:64114 Accepted
[Fri Nov 21 12:50:57 2025] [::1]:64114 [200]: GET /dashboard.html
[Fri Nov 21 12:50:57 2025] [::1]:64114 Closing
[Fri Nov 21 12:50:57 2025] [::1]:64115 Accepted
[Fri Nov 21 12:50:57 2025] [::1]:64116 Accepted
[Fri Nov 21 12:50:57 2025] [::1]:64115 [200]: GET /dashboard.css
[Fri Nov 21 12:50:57 2025] [::1]:64115 Closing
[Fri Nov 21 12:50:57 2025] [::1]:64116 [200]: GET /dashboard.js
[Fri Nov 21 12:50:57 2025] [::1]:64116 Closing
[Fri Nov 21 12:50:57 2025] [::1]:64117 Accepted
[Fri Nov 21 12:50:57 2025] [::1]:64117 [200]: GET /get_user_info.php
[Fri Nov 21 12:50:57 2025] [::1]:64117 Closing
[Fri Nov 21 12:50:57 2025] [::1]:64118 Accepted
[Fri Nov 21 12:50:57 2025] [::1]:64119 Accepted
[Fri Nov 21 12:50:57 2025] [::1]:64120 Accepted
[Fri Nov 21 12:50:57 2025] [::1]:64118 [200]: GET /get_accounts.php
[Fri Nov 21 12:50:57 2025] [::1]:64118 Closing
[Fri Nov 21 12:50:57 2025] [::1]:64121 Accepted
[Fri Nov 21 12:50:57 2025] [::1]:64119 [200]: GET /get_transactions.php
[Fri Nov 21 12:50:57 2025] [::1]:64119 Closing
[Fri Nov 21 12:50:57 2025] [::1]:64120 [200]: GET /get_plans.php
[Fri Nov 21 12:50:57 2025] [::1]:64120 Closing
[Fri Nov 21 12:50:57 2025] [::1]:64121 [200]: GET /get_resellers.php
[Fri Nov 21 12:50:57 2025] [::1]:64121 Closing
[Fri Nov 21 12:50:57 2025] [::1]:64122 Accepted
[Fri Nov 21 12:50:57 2025] [::1]:64123 Accepted
[Fri Nov 21 12:50:57 2025] [::1]:64122 [200]: GET /dashboard.html
[Fri Nov 21 12:50:57 2025] [::1]:64122 Closing
[Fri Nov 21 12:50:57 2025] [::1]:64123 [200]: GET /dashboard.css
[Fri Nov 21 12:50:57 2025] [::1]:64123 Closing
[Fri Nov 21 12:50:57 2025] [::1]:64124 Accepted
[Fri Nov 21 12:50:57 2025] [::1]:64124 [200]: GET /dashboard.js
[Fri Nov 21 12:50:57 2025] [::1]:64124 Closing
[Fri Nov 21 12:50:57 2025] [::1]:64125 Accepted
[Fri Nov 21 12:50:57 2025] [::1]:64125 [200]: GET /get_user_info.php
[Fri Nov 21 12:50:57 2025] [::1]:64125 Closing
[Fri Nov 21 12:50:57 2025] [::1]:64126 Accepted
[Fri Nov 21 12:50:57 2025] [::1]:64127 Accepted
[Fri Nov 21 12:50:57 2025] [::1]:64128 Accepted
[Fri Nov 21 12:50:57 2025] [::1]:64126 [200]: GET /get_accounts.php
[Fri Nov 21 12:50:57 2025] [::1]:64126 Closing
[Fri Nov 21 12:50:57 2025] [::1]:64127 [200]: GET /get_transactions.php
[Fri Nov 21 12:50:57 2025] [::1]:64127 Closing
[Fri Nov 21 12:50:57 2025] [::1]:64129 Accepted
[Fri Nov 21 12:50:57 2025] [::1]:64128 [200]: GET /get_plans.php
[Fri Nov 21 12:50:57 2025] [::1]:64128 Closing
[Fri Nov 21 12:50:57 2025] [::1]:64129 [200]: GET /get_resellers.php
[Fri Nov 21 12:50:57 2025] [::1]:64129 Closing
[Fri Nov 21 12:50:57 2025] [::1]:64130 Accepted
[Fri Nov 21 12:50:57 2025] [::1]:64130 [200]: GET /dashboard.html
[Fri Nov 21 12:50:57 2025] [::1]:64131 Accepted
[Fri Nov 21 12:50:57 2025] [::1]:64130 Closing
[Fri Nov 21 12:50:57 2025] [::1]:64131 [200]: GET /dashboard.css
[Fri Nov 21 12:50:57 2025] [::1]:64132 Accepted
[Fri Nov 21 12:50:57 2025] [::1]:64132 [200]: GET /dashboard.js
[Fri Nov 21 12:50:57 2025] [::1]:64131 Closing
[Fri Nov 21 12:50:57 2025] [::1]:64132 Closing
[Fri Nov 21 12:50:57 2025] [::1]:64133 Accepted
[Fri Nov 21 12:50:58 2025] [::1]:64133 [200]: GET /get_user_info.php
[Fri Nov 21 12:50:58 2025] [::1]:64133 Closing
[Fri Nov 21 12:50:58 2025] [::1]:64134 Accepted
[Fri Nov 21 12:50:58 2025] [::1]:64135 Accepted
[Fri Nov 21 12:50:58 2025] [::1]:64134 [200]: GET /get_accounts.php
[Fri Nov 21 12:50:58 2025] [::1]:64134 Closing
[Fri Nov 21 12:50:58 2025] [::1]:64136 Accepted
[Fri Nov 21 12:50:58 2025] [::1]:64135 [200]: GET /get_transactions.php
[Fri Nov 21 12:50:58 2025] [::1]:64135 Closing
[Fri Nov 21 12:50:58 2025] [::1]:64137 Accepted
[Fri Nov 21 12:50:58 2025] [::1]:64136 [200]: GET /get_plans.php
[Fri Nov 21 12:50:58 2025] [::1]:64136 Closing
[Fri Nov 21 12:50:58 2025] [::1]:64137 [200]: GET /get_resellers.php
[Fri Nov 21 12:50:58 2025] [::1]:64137 Closing
[Fri Nov 21 12:50:58 2025] [::1]:64138 Accepted
[Fri Nov 21 12:50:58 2025] [::1]:64138 [200]: GET /dashboard.html
[Fri Nov 21 12:50:58 2025] [::1]:64138 Closing
[Fri Nov 21 12:50:58 2025] [::1]:64139 Accepted
[Fri Nov 21 12:50:58 2025] [::1]:64140 Accepted
[Fri Nov 21 12:50:58 2025] [::1]:64139 [200]: GET /dashboard.css
[Fri Nov 21 12:50:58 2025] [::1]:64139 Closing
[Fri Nov 21 12:50:58 2025] [::1]:64140 [200]: GET /dashboard.js
[Fri Nov 21 12:50:58 2025] [::1]:64140 Closing
[Fri Nov 21 12:50:58 2025] [::1]:64141 Accepted
[Fri Nov 21 12:50:58 2025] [::1]:64141 [200]: GET /get_user_info.php
[Fri Nov 21 12:50:58 2025] [::1]:64141 Closing
[Fri Nov 21 12:50:58 2025] [::1]:64142 Accepted
[Fri Nov 21 12:50:58 2025] [::1]:64142 [200]: GET /get_accounts.php
[Fri Nov 21 12:50:58 2025] [::1]:64142 Closing
[Fri Nov 21 12:50:58 2025] [::1]:64143 Accepted
[Fri Nov 21 12:50:58 2025] [::1]:64144 Accepted
[Fri Nov 21 12:50:58 2025] [::1]:64143 [200]: GET /get_transactions.php
[Fri Nov 21 12:50:58 2025] [::1]:64143 Closing
[Fri Nov 21 12:50:58 2025] [::1]:64145 Accepted
[Fri Nov 21 12:50:58 2025] [::1]:64144 [200]: GET /get_plans.php
[Fri Nov 21 12:50:58 2025] [::1]:64144 Closing
[Fri Nov 21 12:50:58 2025] [::1]:64145 [200]: GET /get_resellers.php
[Fri Nov 21 12:50:58 2025] [::1]:64145 Closing
[Fri Nov 21 12:50:58 2025] [::1]:64146 Accepted
[Fri Nov 21 12:50:58 2025] [::1]:64147 Accepted
[Fri Nov 21 12:50:58 2025] [::1]:64146 [200]: GET /dashboard.html
[Fri Nov 21 12:50:58 2025] [::1]:64146 Closing
[Fri Nov 21 12:50:58 2025] [::1]:64147 [200]: GET /dashboard.css
[Fri Nov 21 12:50:58 2025] [::1]:64147 Closing
[Fri Nov 21 12:50:58 2025] [::1]:64148 Accepted
[Fri Nov 21 12:50:58 2025] [::1]:64148 [200]: GET /dashboard.js
[Fri Nov 21 12:50:58 2025] [::1]:64148 Closing
[Fri Nov 21 12:50:58 2025] [::1]:64149 Accepted
[Fri Nov 21 12:50:58 2025] [::1]:64149 [200]: GET /get_user_info.php
[Fri Nov 21 12:50:58 2025] [::1]:64149 Closing
[Fri Nov 21 12:50:58 2025] [::1]:64150 Accepted
[Fri Nov 21 12:50:58 2025] [::1]:64151 Accepted
[Fri Nov 21 12:50:58 2025] [::1]:64150 [200]: GET /get_accounts.php
[Fri Nov 21 12:50:58 2025] [::1]:64150 Closing
[Fri Nov 21 12:50:58 2025] [::1]:64152 Accepted
[Fri Nov 21 12:50:58 2025] [::1]:64151 [200]: GET /get_transactions.php
[Fri Nov 21 12:50:58 2025] [::1]:64151 Closing
[Fri Nov 21 12:50:58 2025] [::1]:64153 Accepted
[Fri Nov 21 12:50:58 2025] [::1]:64152 [200]: GET /get_plans.php
[Fri Nov 21 12:50:58 2025] [::1]:64152 Closing
[Fri Nov 21 12:50:58 2025] [::1]:64153 [200]: GET /get_resellers.php
[Fri Nov 21 12:50:58 2025] [::1]:64153 Closing
